{
  message: 'Server running on port: 8080',
  level: 'info',
  timestamp: '2022-09-13T17:51:51.234Z'
}
{
  message: 'Server running on port: 8080',
  level: 'info',
  timestamp: '2022-09-13T18:03:37.991Z'
}
{
  message: 'Server running on port: 8080',
  level: 'info',
  timestamp: '2022-09-13T18:14:02.549Z'
}
{
  message: 'Server running on port: 8080',
  level: 'info',
  timestamp: '2022-09-15T08:40:38.387Z'
}
{
  message: 'Server running on port: 8080',
  level: 'info',
  timestamp: '2022-09-15T08:40:54.836Z'
}
{
  message: 'Server running on port: 8080',
  level: 'info',
  timestamp: '2022-09-15T08:41:02.094Z'
}
{
  message: 'Server running on port: 8080',
  level: 'info',
  timestamp: '2022-09-15T08:41:04.806Z'
}
{
  message: 'Server running on port: 8080',
  level: 'info',
  timestamp: '2022-09-15T08:41:14.203Z'
}
